Build started 10-05-2011 15:10:00.
     1>Project "C:\Documents and Settings\rhp\My Documents\Visual Studio 2010\USBHSET_libusb\USBHSET_libusb-0.1\USBHSET_libusb-0.1.vcxproj" on node 2 (build target(s)).
     1>InitializeBuildStatus:
         Creating "Debug\USBHSET_libusb-0.1.unsuccessfulbuild" because "AlwaysCreate" was specified.
       ClCompile:
         C:\Program Files\Microsoft Visual Studio 10.0\VC\bin\CL.exe /c /ZI /nologo /W3 /WX- /Od /Oy- /D WIN32 /D _DEBUG /D _CONSOLE /D _UNICODE /D UNICODE /Gm /EHsc /RTC1 /MDd /GS /fp:precise /Zc:wchar_t /Zc:forScope /Fo"Debug\\" /Fd"Debug\vc100.pdb" /Gd /TP /analyze- /errorReport:prompt main.cpp
         main.cpp
       ManifestResourceCompile:
         All outputs are up-to-date.
       Link:
         C:\Program Files\Microsoft Visual Studio 10.0\VC\bin\link.exe /ERRORREPORT:PROMPT /OUT:"C:\Documents and Settings\rhp\My Documents\Visual Studio 2010\USBHSET_libusb\Debug\USBHSET_libusb-0.1.exe" /INCREMENTAL /NOLOGO /LIBPATH:"C:\libusb-win32-bin-1.2.4.0\lib\msvc" libusb.lib kernel32.lib user32.lib gdi32.lib winspool.lib comdlg32.lib advapi32.lib shell32.lib ole32.lib oleaut32.lib uuid.lib odbc32.lib odbccp32.lib /MANIFEST /ManifestFile:"Debug\USBHSET_libusb-0.1.exe.intermediate.manifest" /MANIFESTUAC:"level='asInvoker' uiAccess='false'" /DEBUG /PDB:"C:\Documents and Settings\rhp\My Documents\Visual Studio 2010\USBHSET_libusb\Debug\USBHSET_libusb-0.1.pdb" /SUBSYSTEM:CONSOLE /TLBID:1 /DYNAMICBASE /NXCOMPAT /IMPLIB:"C:\Documents and Settings\rhp\My Documents\Visual Studio 2010\USBHSET_libusb\Debug\USBHSET_libusb-0.1.lib" /MACHINE:X86 "Debug\USBHSET_libusb-0.1.exe.embed.manifest.res"
         Debug\main.obj
       Manifest:
         C:\Program Files\Microsoft SDKs\Windows\v7.0A\bin\mt.exe /nologo /verbose /out:"Debug\USBHSET_libusb-0.1.exe.embed.manifest" /manifest "Debug\USBHSET_libusb-0.1.exe.intermediate.manifest"
         All outputs are up-to-date.
       LinkEmbedManifest:
         All outputs are up-to-date.
         USBHSET_libusb-0.1.vcxproj -> C:\Documents and Settings\rhp\My Documents\Visual Studio 2010\USBHSET_libusb\Debug\USBHSET_libusb-0.1.exe
       FinalizeBuildStatus:
         Deleting file "Debug\USBHSET_libusb-0.1.unsuccessfulbuild".
         Touching "Debug\USBHSET_libusb-0.1.lastbuildstate".
     1>Done Building Project "C:\Documents and Settings\rhp\My Documents\Visual Studio 2010\USBHSET_libusb\USBHSET_libusb-0.1\USBHSET_libusb-0.1.vcxproj" (build target(s)).

Build succeeded.

Time Elapsed 00:00:01.95
