C:\DOCUMENTS AND SETTINGS\RHP\MY DOCUMENTS\VISUAL STUDIO 2010\USBHSET_LIBUSB\DEBUG\USBHSET_LIBUSB.EXE
C:\DOCUMENTS AND SETTINGS\RHP\MY DOCUMENTS\VISUAL STUDIO 2010\USBHSET_LIBUSB\DEBUG\USBHSET_LIBUSB.ILK
C:\DOCUMENTS AND SETTINGS\RHP\MY DOCUMENTS\VISUAL STUDIO 2010\USBHSET_LIBUSB\DEBUG\USBHSET_LIBUSB.PDB
C:\DOCUMENTS AND SETTINGS\RHP\MY DOCUMENTS\VISUAL STUDIO 2010\USBHSET_LIBUSB\DEBUG\USBHSET_LIBUSB-1.0.EXE
C:\DOCUMENTS AND SETTINGS\RHP\MY DOCUMENTS\VISUAL STUDIO 2010\USBHSET_LIBUSB\DEBUG\USBHSET_LIBUSB-1.0.ILK
C:\DOCUMENTS AND SETTINGS\RHP\MY DOCUMENTS\VISUAL STUDIO 2010\USBHSET_LIBUSB\DEBUG\USBHSET_LIBUSB-1.0.PDB
C:\Documents and Settings\rhp\My Documents\Visual Studio 2010\USBHSET_libusb\USBHSET_libusb\Debug\cl.command.1.tlog
C:\Documents and Settings\rhp\My Documents\Visual Studio 2010\USBHSET_libusb\USBHSET_libusb\Debug\CL.read.1.tlog
C:\Documents and Settings\rhp\My Documents\Visual Studio 2010\USBHSET_libusb\USBHSET_libusb\Debug\CL.write.1.tlog
C:\Documents and Settings\rhp\My Documents\Visual Studio 2010\USBHSET_libusb\USBHSET_libusb\Debug\link.3076.read.1.tlog
C:\Documents and Settings\rhp\My Documents\Visual Studio 2010\USBHSET_libusb\USBHSET_libusb\Debug\link.3076.write.1.tlog
C:\Documents and Settings\rhp\My Documents\Visual Studio 2010\USBHSET_libusb\USBHSET_libusb\Debug\link.3076-cvtres.read.1.tlog
C:\Documents and Settings\rhp\My Documents\Visual Studio 2010\USBHSET_libusb\USBHSET_libusb\Debug\link.3076-cvtres.write.1.tlog
C:\Documents and Settings\rhp\My Documents\Visual Studio 2010\USBHSET_libusb\USBHSET_libusb\Debug\link.5900.read.1.tlog
C:\Documents and Settings\rhp\My Documents\Visual Studio 2010\USBHSET_libusb\USBHSET_libusb\Debug\link.5900.write.1.tlog
C:\Documents and Settings\rhp\My Documents\Visual Studio 2010\USBHSET_libusb\USBHSET_libusb\Debug\link.5900-cvtres.read.1.tlog
C:\Documents and Settings\rhp\My Documents\Visual Studio 2010\USBHSET_libusb\USBHSET_libusb\Debug\link.5900-cvtres.write.1.tlog
C:\Documents and Settings\rhp\My Documents\Visual Studio 2010\USBHSET_libusb\USBHSET_libusb\Debug\link.872.read.1.tlog
C:\Documents and Settings\rhp\My Documents\Visual Studio 2010\USBHSET_libusb\USBHSET_libusb\Debug\link.872.write.1.tlog
C:\Documents and Settings\rhp\My Documents\Visual Studio 2010\USBHSET_libusb\USBHSET_libusb\Debug\link.872-cvtres.read.1.tlog
C:\Documents and Settings\rhp\My Documents\Visual Studio 2010\USBHSET_libusb\USBHSET_libusb\Debug\link.872-cvtres.write.1.tlog
C:\Documents and Settings\rhp\My Documents\Visual Studio 2010\USBHSET_libusb\USBHSET_libusb\Debug\link.command.1.tlog
C:\Documents and Settings\rhp\My Documents\Visual Studio 2010\USBHSET_libusb\USBHSET_libusb\Debug\link.read.1.tlog
C:\Documents and Settings\rhp\My Documents\Visual Studio 2010\USBHSET_libusb\USBHSET_libusb\Debug\link.write.1.tlog
C:\Documents and Settings\rhp\My Documents\Visual Studio 2010\USBHSET_libusb\USBHSET_libusb\Debug\link-cvtres.read.1.tlog
C:\Documents and Settings\rhp\My Documents\Visual Studio 2010\USBHSET_libusb\USBHSET_libusb\Debug\link-cvtres.write.1.tlog
C:\DOCUMENTS AND SETTINGS\RHP\MY DOCUMENTS\VISUAL STUDIO 2010\USBHSET_LIBUSB\USBHSET_LIBUSB\DEBUG\MAIN.OBJ
C:\Documents and Settings\rhp\My Documents\Visual Studio 2010\USBHSET_libusb\USBHSET_libusb\Debug\mt.command.1.tlog
C:\Documents and Settings\rhp\My Documents\Visual Studio 2010\USBHSET_libusb\USBHSET_libusb\Debug\mt.read.1.tlog
C:\Documents and Settings\rhp\My Documents\Visual Studio 2010\USBHSET_libusb\USBHSET_libusb\Debug\mt.write.1.tlog
C:\Documents and Settings\rhp\My Documents\Visual Studio 2010\USBHSET_libusb\USBHSET_libusb\Debug\rc.command.1.tlog
C:\Documents and Settings\rhp\My Documents\Visual Studio 2010\USBHSET_libusb\USBHSET_libusb\Debug\rc.read.1.tlog
C:\Documents and Settings\rhp\My Documents\Visual Studio 2010\USBHSET_libusb\USBHSET_libusb\Debug\rc.write.1.tlog
C:\DOCUMENTS AND SETTINGS\RHP\MY DOCUMENTS\VISUAL STUDIO 2010\USBHSET_LIBUSB\USBHSET_LIBUSB\DEBUG\USBHSET_LIBUSB.EXE.EMBED.MANIFEST
C:\DOCUMENTS AND SETTINGS\RHP\MY DOCUMENTS\VISUAL STUDIO 2010\USBHSET_LIBUSB\USBHSET_LIBUSB\DEBUG\USBHSET_LIBUSB.EXE.EMBED.MANIFEST.RES
C:\DOCUMENTS AND SETTINGS\RHP\MY DOCUMENTS\VISUAL STUDIO 2010\USBHSET_LIBUSB\USBHSET_LIBUSB\DEBUG\USBHSET_LIBUSB.EXE.INTERMEDIATE.MANIFEST
C:\Documents and Settings\rhp\My Documents\Visual Studio 2010\USBHSET_libusb\USBHSET_libusb\Debug\USBHSET_libusb_manifest.rc
C:\DOCUMENTS AND SETTINGS\RHP\MY DOCUMENTS\VISUAL STUDIO 2010\USBHSET_LIBUSB\USBHSET_LIBUSB\DEBUG\USBHSET_LIBUSB-1.0.EXE.EMBED.MANIFEST
C:\DOCUMENTS AND SETTINGS\RHP\MY DOCUMENTS\VISUAL STUDIO 2010\USBHSET_LIBUSB\USBHSET_LIBUSB\DEBUG\USBHSET_LIBUSB-1.0.EXE.EMBED.MANIFEST.RES
C:\DOCUMENTS AND SETTINGS\RHP\MY DOCUMENTS\VISUAL STUDIO 2010\USBHSET_LIBUSB\USBHSET_LIBUSB\DEBUG\USBHSET_LIBUSB-1.0.EXE.INTERMEDIATE.MANIFEST
C:\Documents and Settings\rhp\My Documents\Visual Studio 2010\USBHSET_libusb\USBHSET_libusb\Debug\USBHSET_libusb-1.0_manifest.rc
C:\Documents and Settings\rhp\My Documents\Visual Studio 2010\USBHSET_libusb\USBHSET_libusb\Debug\vc100.idb
C:\DOCUMENTS AND SETTINGS\RHP\MY DOCUMENTS\VISUAL STUDIO 2010\USBHSET_LIBUSB\USBHSET_LIBUSB\DEBUG\VC100.PDB
