Build started 12-05-2011 14:40:05.
     1>Project "C:\Documents and Settings\rhp\My Documents\Visual Studio 2010\USBHSET_libusb\USBHSET_libusb\USBHSET_libusb.vcxproj" on node 2 (build target(s)).
     1>InitializeBuildStatus:
         Creating "Debug\USBHSET_libusb-1.0.unsuccessfulbuild" because "AlwaysCreate" was specified.
       ClCompile:
         C:\Program Files\Microsoft Visual Studio 10.0\VC\bin\CL.exe /c /ZI /nologo /W3 /WX- /Od /Oy- /D WIN32 /D _DEBUG /D _CONSOLE /D _UNICODE /D UNICODE /Gm /EHsc /RTC1 /MDd /GS /fp:precise /Zc:wchar_t /Zc:forScope /Fo"Debug\\" /Fd"Debug\vc100.pdb" /Gd /TP /analyze- /errorReport:prompt main.cpp
         main.cpp
     1>c:\documents and settings\rhp\my documents\visual studio 2010\usbhset_libusb\usbhset_libusb\libusb.h(862): warning C4200: nonstandard extension used : zero-sized array in struct/union
                 Cannot generate copy-ctor or copy-assignment operator when UDT contains a zero-sized array
     1>c:\documents and settings\rhp\my documents\visual studio 2010\usbhset_libusb\usbhset_libusb\main.cpp(68): warning C4102: 'SETTEST' : unreferenced label
     1>c:\documents and settings\rhp\my documents\visual studio 2010\usbhset_libusb\usbhset_libusb\main.cpp(48): warning C4102: 'SETTYPE' : unreferenced label
       ManifestResourceCompile:
         All outputs are up-to-date.
       Link:
         C:\Program Files\Microsoft Visual Studio 10.0\VC\bin\link.exe /ERRORREPORT:PROMPT /OUT:"C:\Documents and Settings\rhp\My Documents\Visual Studio 2010\USBHSET_libusb\Debug\USBHSET_libusb-1.0.exe" /INCREMENTAL /NOLOGO /LIBPATH:C:\libusb_2011.05.10\MS32\dll "libusb-1.0.lib" kernel32.lib user32.lib gdi32.lib winspool.lib comdlg32.lib advapi32.lib shell32.lib ole32.lib oleaut32.lib uuid.lib odbc32.lib odbccp32.lib /MANIFEST /ManifestFile:"Debug\USBHSET_libusb-1.0.exe.intermediate.manifest" /MANIFESTUAC:"level='asInvoker' uiAccess='false'" /DEBUG /PDB:"C:\Documents and Settings\rhp\My Documents\Visual Studio 2010\USBHSET_libusb\Debug\USBHSET_libusb-1.0.pdb" /SUBSYSTEM:CONSOLE /TLBID:1 /DYNAMICBASE /NXCOMPAT /IMPLIB:"C:\Documents and Settings\rhp\My Documents\Visual Studio 2010\USBHSET_libusb\Debug\USBHSET_libusb-1.0.lib" /MACHINE:X86 "Debug\USBHSET_libusb-1.0.exe.embed.manifest.res"
         Debug\main.obj
       Manifest:
         C:\Program Files\Microsoft SDKs\Windows\v7.0A\bin\mt.exe /nologo /verbose /out:"Debug\USBHSET_libusb-1.0.exe.embed.manifest" /manifest "Debug\USBHSET_libusb-1.0.exe.intermediate.manifest"
         All outputs are up-to-date.
       LinkEmbedManifest:
         All outputs are up-to-date.
         USBHSET_libusb.vcxproj -> C:\Documents and Settings\rhp\My Documents\Visual Studio 2010\USBHSET_libusb\Debug\USBHSET_libusb-1.0.exe
       FinalizeBuildStatus:
         Deleting file "Debug\USBHSET_libusb-1.0.unsuccessfulbuild".
         Touching "Debug\USBHSET_libusb-1.0.lastbuildstate".
     1>Done Building Project "C:\Documents and Settings\rhp\My Documents\Visual Studio 2010\USBHSET_libusb\USBHSET_libusb\USBHSET_libusb.vcxproj" (build target(s)).

Build succeeded.

Time Elapsed 00:00:02.06
